# JRE version: Java(TM) SE Runtime Environment (8.0_51-b16) (build 1.8.0_51-b16)
# Java VM: Java HotSpot(TM) 64-Bit Server VM (25.51-b03 mixed mode windows-amd64 compressed oops)
Heap:
 PSYoungGen      total 121856K, used 46469K [0x00000000eab00000, 0x00000000f3880000, 0x0000000100000000)
  eden space 108032K, 30% used [0x00000000eab00000,0x00000000ecae48d0,0x00000000f1480000)
  from space 13824K, 99% used [0x00000000f2500000,0x00000000f327ce80,0x00000000f3280000)
  to   space 16896K, 0% used [0x00000000f1480000,0x00000000f1480000,0x00000000f2500000)
 ParOldGen       total 81408K, used 23891K [0x00000000c0000000, 0x00000000c4f80000, 0x00000000eab00000)
  object space 81408K, 29% used [0x00000000c0000000,0x00000000c1754e98,0x00000000c4f80000)
 Metaspace       used 54795K, capacity 56188K, committed 56448K, reserved 1097728K
  class space    used 7638K, capacity 8051K, committed 8064K, reserved 1048576K
GC Heap History (10 events):
Event: 12.109 GC heap before
{Heap before GC invocations=10 (full 1):
 PSYoungGen      total 76800K, used 76639K [0x00000000eab00000, 0x00000000f1900000, 0x0000000100000000)
  eden space 70656K, 100% used [0x00000000eab00000,0x00000000ef000000,0x00000000ef000000)
  from space 6144K, 97% used [0x00000000f1300000,0x00000000f18d7fa0,0x00000000f1900000)
  to   space 9728K, 0% used [0x00000000f0600000,0x00000000f0600000,0x00000000f0f80000)
 ParOldGen       total 50176K, used 9721K [0x00000000c0000000, 0x00000000c3100000, 0x00000000eab00000)
  object space 50176K, 19% used [0x00000000c0000000,0x00000000c097e448,0x00000000c3100000)
 Metaspace       used 30868K, capacity 31468K, committed 31744K, reserved 1077248K
  class space    used 4366K, capacity 4607K, committed 4608K, reserved 1048576K
Event: 12.125 GC heap after
Heap after GC invocations=10 (full 1):
 PSYoungGen      total 99328K, used 9393K [0x00000000eab00000, 0x00000000f1780000, 0x0000000100000000)
  eden space 89600K, 0% used [0x00000000eab00000,0x00000000eab00000,0x00000000f0280000)
  from space 9728K, 96% used [0x00000000f0600000,0x00000000f0f2c5b0,0x00000000f0f80000)
  to   space 8192K, 0% used [0x00000000f0f80000,0x00000000f0f80000,0x00000000f1780000)
 ParOldGen       total 50176K, used 9729K [0x00000000c0000000, 0x00000000c3100000, 0x00000000eab00000)
  object space 50176K, 19% used [0x00000000c0000000,0x00000000c0980448,0x00000000c3100000)
 Metaspace       used 30868K, capacity 31468K, committed 31744K, reserved 1077248K
  class space    used 4366K, capacity 4607K, committed 4608K, reserved 1048576K
}
Event: 14.755 GC heap before
{Heap before GC invocations=11 (full 1):
 PSYoungGen      total 99328K, used 57867K [0x00000000eab00000, 0x00000000f1780000, 0x0000000100000000)
  eden space 89600K, 54% used [0x00000000eab00000,0x00000000eda569d8,0x00000000f0280000)
  from space 9728K, 96% used [0x00000000f0600000,0x00000000f0f2c5b0,0x00000000f0f80000)
  to   space 8192K, 0% used [0x00000000f0f80000,0x00000000f0f80000,0x00000000f1780000)
 ParOldGen       total 50176K, used 9729K [0x00000000c0000000, 0x00000000c3100000, 0x00000000eab00000)
  object space 50176K, 19% used [0x00000000c0000000,0x00000000c0980448,0x00000000c3100000)
 Metaspace       used 34605K, capacity 35210K, committed 35456K, reserved 1079296K
  class space    used 4863K, capacity 5129K, committed 5248K, reserved 1048576K
Event: 14.781 GC heap after
Heap after GC invocations=11 (full 1):
 PSYoungGen      total 99328K, used 8176K [0x00000000eab00000, 0x00000000f3000000, 0x0000000100000000)
  eden space 91136K, 0% used [0x00000000eab00000,0x00000000eab00000,0x00000000f0400000)
  from space 8192K, 99% used [0x00000000f0f80000,0x00000000f177c010,0x00000000f1780000)
  to   space 11776K, 0% used [0x00000000f0400000,0x00000000f0400000,0x00000000f0f80000)
 ParOldGen       total 50176K, used 11631K [0x00000000c0000000, 0x00000000c3100000, 0x00000000eab00000)
  object space 50176K, 23% used [0x00000000c0000000,0x00000000c0b5bda0,0x00000000c3100000)
 Metaspace       used 34605K, capacity 35210K, committed 35456K, reserved 1079296K
  class space    used 4863K, capacity 5129K, committed 5248K, reserved 1048576K
}
Event: 14.781 GC heap before
{Heap before GC invocations=12 (full 2):
 PSYoungGen      total 99328K, used 8176K [0x00000000eab00000, 0x00000000f3000000, 0x0000000100000000)
  eden space 91136K, 0% used [0x00000000eab00000,0x00000000eab00000,0x00000000f0400000)
  from space 8192K, 99% used [0x00000000f0f80000,0x00000000f177c010,0x00000000f1780000)
  to   space 11776K, 0% used [0x00000000f0400000,0x00000000f0400000,0x00000000f0f80000)
 ParOldGen       total 50176K, used 11631K [0x00000000c0000000, 0x00000000c3100000, 0x00000000eab00000)
  object space 50176K, 23% used [0x00000000c0000000,0x00000000c0b5bda0,0x00000000c3100000)
 Metaspace       used 34605K, capacity 35210K, committed 35456K, reserved 1079296K
  class space    used 4863K, capacity 5129K, committed 5248K, reserved 1048576K
Event: 14.954 GC heap after
Heap after GC invocations=12 (full 2):
 PSYoungGen      total 99328K, used 0K [0x00000000eab00000, 0x00000000f3000000, 0x0000000100000000)
  eden space 91136K, 0% used [0x00000000eab00000,0x00000000eab00000,0x00000000f0400000)
  from space 8192K, 0% used [0x00000000f0f80000,0x00000000f0f80000,0x00000000f1780000)
  to   space 11776K, 0% used [0x00000000f0400000,0x00000000f0400000,0x00000000f0f80000)
 ParOldGen       total 81408K, used 18116K [0x00000000c0000000, 0x00000000c4f80000, 0x00000000eab00000)
  object space 81408K, 22% used [0x00000000c0000000,0x00000000c11b1298,0x00000000c4f80000)
 Metaspace       used 34605K, capacity 35210K, committed 35456K, reserved 1079296K
  class space    used 4863K, capacity 5129K, committed 5248K, reserved 1048576K
}
Event: 17.235 GC heap before
{Heap before GC invocations=13 (full 2):
 PSYoungGen      total 99328K, used 91136K [0x00000000eab00000, 0x00000000f3000000, 0x0000000100000000)
  eden space 91136K, 100% used [0x00000000eab00000,0x00000000f0400000,0x00000000f0400000)
  from space 8192K, 0% used [0x00000000f0f80000,0x00000000f0f80000,0x00000000f1780000)
  to   space 11776K, 0% used [0x00000000f0400000,0x00000000f0400000,0x00000000f0f80000)
 ParOldGen       total 81408K, used 18116K [0x00000000c0000000, 0x00000000c4f80000, 0x00000000eab00000)
  object space 81408K, 22% used [0x00000000c0000000,0x00000000c11b1298,0x00000000c4f80000)
 Metaspace       used 42331K, capacity 43320K, committed 43648K, reserved 1087488K
  class space    used 5866K, capacity 6199K, committed 6272K, reserved 1048576K
Event: 17.259 GC heap after
Heap after GC invocations=13 (full 2):
 PSYoungGen      total 102912K, used 11760K [0x00000000eab00000, 0x00000000f3280000, 0x0000000100000000)
  eden space 91136K, 0% used [0x00000000eab00000,0x00000000eab00000,0x00000000f0400000)
  from space 11776K, 99% used [0x00000000f0400000,0x00000000f0f7c2a8,0x00000000f0f80000)
  to   space 13824K, 0% used [0x00000000f2500000,0x00000000f2500000,0x00000000f3280000)
 ParOldGen       total 81408K, used 20436K [0x00000000c0000000, 0x00000000c4f80000, 0x00000000eab00000)
  object space 81408K, 25% used [0x00000000c0000000,0x00000000c13f5180,0x00000000c4f80000)
 Metaspace       used 42331K, capacity 43320K, committed 43648K, reserved 1087488K
  class space    used 5866K, capacity 6199K, committed 6272K, reserved 1048576K
}
Event: 19.687 GC heap before
{Heap before GC invocations=14 (full 2):
 PSYoungGen      total 102912K, used 102896K [0x00000000eab00000, 0x00000000f3280000, 0x0000000100000000)
  eden space 91136K, 100% used [0x00000000eab00000,0x00000000f0400000,0x00000000f0400000)
  from space 11776K, 99% used [0x00000000f0400000,0x00000000f0f7c2a8,0x00000000f0f80000)
  to   space 13824K, 0% used [0x00000000f2500000,0x00000000f2500000,0x00000000f3280000)
 ParOldGen       total 81408K, used 20436K [0x00000000c0000000, 0x00000000c4f80000, 0x00000000eab00000)
  object space 81408K, 25% used [0x00000000c0000000,0x00000000c13f5180,0x00000000c4f80000)
 Metaspace       used 52052K, capacity 53234K, committed 53504K, reserved 1095680K
  class space    used 7192K, capacity 7560K, committed 7680K, reserved 1048576K
Event: 19.714 GC heap after
Heap after GC invocations=14 (full 2):
 PSYoungGen      total 121856K, used 13811K [0x00000000eab00000, 0x00000000f3880000, 0x0000000100000000)
  eden space 108032K, 0% used [0x00000000eab00000,0x00000000eab00000,0x00000000f1480000)
  from space 13824K, 99% used [0x00000000f2500000,0x00000000f327ce80,0x00000000f3280000)
  to   space 16896K, 0% used [0x00000000f1480000,0x00000000f1480000,0x00000000f2500000)
 ParOldGen       total 81408K, used 23891K [0x00000000c0000000, 0x00000000c4f80000, 0x00000000eab00000)
  object space 81408K, 29% used [0x00000000c0000000,0x00000000c1754e98,0x00000000c4f80000)
 Metaspace       used 52052K, capacity 53234K, committed 53504K, reserved 1095680K
  class space    used 7192K, capacity 7560K, committed 7680K, reserved 1048576K
}

