# JRE version: Java(TM) SE Runtime Environment (8.0_51-b16) (build 1.8.0_51-b16)
# Java VM: Java HotSpot(TM) 64-Bit Server VM (25.51-b03 mixed mode windows-amd64 compressed oops)
Heap:
 PSYoungGen      total 57856K, used 40947K [0x00000000eab00000, 0x00000000eee00000, 0x0000000100000000)
  eden space 48128K, 85% used [0x00000000eab00000,0x00000000ed2fcc50,0x00000000eda00000)
  from space 9728K, 0% used [0x00000000eda00000,0x00000000eda00000,0x00000000ee380000)
  to   space 8704K, 0% used [0x00000000ee380000,0x00000000ee380000,0x00000000eec00000)
 ParOldGen       total 53248K, used 9588K [0x00000000c0000000, 0x00000000c3400000, 0x00000000eab00000)
  object space 53248K, 18% used [0x00000000c0000000,0x00000000c095d170,0x00000000c3400000)
 Metaspace       used 27079K, capacity 27554K, committed 27776K, reserved 1073152K
  class space    used 3678K, capacity 3859K, committed 3968K, reserved 1048576K
GC Heap History (10 events):
Event: 5.436 GC heap before
{Heap before GC invocations=4 (full 0):
 PSYoungGen      total 28672K, used 28641K [0x00000000eab00000, 0x00000000ecb00000, 0x0000000100000000)
  eden space 24576K, 100% used [0x00000000eab00000,0x00000000ec300000,0x00000000ec300000)
  from space 4096K, 99% used [0x00000000ec300000,0x00000000ec6f87a8,0x00000000ec700000)
  to   space 4096K, 0% used [0x00000000ec700000,0x00000000ec700000,0x00000000ecb00000)
 ParOldGen       total 65536K, used 1588K [0x00000000c0000000, 0x00000000c4000000, 0x00000000eab00000)
  object space 65536K, 2% used [0x00000000c0000000,0x00000000c018d3e8,0x00000000c4000000)
 Metaspace       used 13595K, capacity 13894K, committed 14208K, reserved 1060864K
  class space    used 1955K, capacity 2055K, committed 2176K, reserved 1048576K
Event: 5.448 GC heap after
Heap after GC invocations=4 (full 0):
 PSYoungGen      total 28672K, used 4080K [0x00000000eab00000, 0x00000000ecb00000, 0x0000000100000000)
  eden space 24576K, 0% used [0x00000000eab00000,0x00000000eab00000,0x00000000ec300000)
  from space 4096K, 99% used [0x00000000ec700000,0x00000000ecafc030,0x00000000ecb00000)
  to   space 4096K, 0% used [0x00000000ec300000,0x00000000ec300000,0x00000000ec700000)
 ParOldGen       total 65536K, used 4025K [0x00000000c0000000, 0x00000000c4000000, 0x00000000eab00000)
  object space 65536K, 6% used [0x00000000c0000000,0x00000000c03ee4b8,0x00000000c4000000)
 Metaspace       used 13595K, capacity 13894K, committed 14208K, reserved 1060864K
  class space    used 1955K, capacity 2055K, committed 2176K, reserved 1048576K
}
Event: 6.293 GC heap before
{Heap before GC invocations=5 (full 0):
 PSYoungGen      total 28672K, used 28656K [0x00000000eab00000, 0x00000000ecb00000, 0x0000000100000000)
  eden space 24576K, 100% used [0x00000000eab00000,0x00000000ec300000,0x00000000ec300000)
  from space 4096K, 99% used [0x00000000ec700000,0x00000000ecafc030,0x00000000ecb00000)
  to   space 4096K, 0% used [0x00000000ec300000,0x00000000ec300000,0x00000000ec700000)
 ParOldGen       total 65536K, used 4025K [0x00000000c0000000, 0x00000000c4000000, 0x00000000eab00000)
  object space 65536K, 6% used [0x00000000c0000000,0x00000000c03ee4b8,0x00000000c4000000)
 Metaspace       used 16134K, capacity 16502K, committed 16640K, reserved 1062912K
  class space    used 2356K, capacity 2481K, committed 2560K, reserved 1048576K
Event: 6.313 GC heap after
Heap after GC invocations=5 (full 0):
 PSYoungGen      total 28672K, used 4080K [0x00000000eab00000, 0x00000000eec00000, 0x0000000100000000)
  eden space 24576K, 0% used [0x00000000eab00000,0x00000000eab00000,0x00000000ec300000)
  from space 4096K, 99% used [0x00000000ec300000,0x00000000ec6fc010,0x00000000ec700000)
  to   space 8704K, 0% used [0x00000000ee380000,0x00000000ee380000,0x00000000eec00000)
 ParOldGen       total 65536K, used 7273K [0x00000000c0000000, 0x00000000c4000000, 0x00000000eab00000)
  object space 65536K, 11% used [0x00000000c0000000,0x00000000c071a5f8,0x00000000c4000000)
 Metaspace       used 16134K, capacity 16502K, committed 16640K, reserved 1062912K
  class space    used 2356K, capacity 2481K, committed 2560K, reserved 1048576K
}
Event: 6.903 GC heap before
{Heap before GC invocations=6 (full 0):
 PSYoungGen      total 28672K, used 28656K [0x00000000eab00000, 0x00000000eec00000, 0x0000000100000000)
  eden space 24576K, 100% used [0x00000000eab00000,0x00000000ec300000,0x00000000ec300000)
  from space 4096K, 99% used [0x00000000ec300000,0x00000000ec6fc010,0x00000000ec700000)
  to   space 8704K, 0% used [0x00000000ee380000,0x00000000ee380000,0x00000000eec00000)
 ParOldGen       total 65536K, used 7273K [0x00000000c0000000, 0x00000000c4000000, 0x00000000eab00000)
  object space 65536K, 11% used [0x00000000c0000000,0x00000000c071a5f8,0x00000000c4000000)
 Metaspace       used 17935K, capacity 18324K, committed 18432K, reserved 1064960K
  class space    used 2659K, capacity 2806K, committed 2816K, reserved 1048576K
Event: 6.924 GC heap after
Heap after GC invocations=6 (full 0):
 PSYoungGen      total 56832K, used 7968K [0x00000000eab00000, 0x00000000eee00000, 0x0000000100000000)
  eden space 48128K, 0% used [0x00000000eab00000,0x00000000eab00000,0x00000000eda00000)
  from space 8704K, 91% used [0x00000000ee380000,0x00000000eeb48090,0x00000000eec00000)
  to   space 9728K, 0% used [0x00000000eda00000,0x00000000eda00000,0x00000000ee380000)
 ParOldGen       total 65536K, used 7281K [0x00000000c0000000, 0x00000000c4000000, 0x00000000eab00000)
  object space 65536K, 11% used [0x00000000c0000000,0x00000000c071c5f8,0x00000000c4000000)
 Metaspace       used 17935K, capacity 18324K, committed 18432K, reserved 1064960K
  class space    used 2659K, capacity 2806K, committed 2816K, reserved 1048576K
}
Event: 7.951 GC heap before
{Heap before GC invocations=7 (full 0):
 PSYoungGen      total 56832K, used 27488K [0x00000000eab00000, 0x00000000eee00000, 0x0000000100000000)
  eden space 48128K, 40% used [0x00000000eab00000,0x00000000ebe102a0,0x00000000eda00000)
  from space 8704K, 91% used [0x00000000ee380000,0x00000000eeb48090,0x00000000eec00000)
  to   space 9728K, 0% used [0x00000000eda00000,0x00000000eda00000,0x00000000ee380000)
 ParOldGen       total 65536K, used 7281K [0x00000000c0000000, 0x00000000c4000000, 0x00000000eab00000)
  object space 65536K, 11% used [0x00000000c0000000,0x00000000c071c5f8,0x00000000c4000000)
 Metaspace       used 20722K, capacity 21192K, committed 21296K, reserved 1067008K
  class space    used 2981K, capacity 3176K, committed 3200K, reserved 1048576K
Event: 8.003 GC heap after
Heap after GC invocations=7 (full 0):
 PSYoungGen      total 57856K, used 6790K [0x00000000eab00000, 0x00000000eee00000, 0x0000000100000000)
  eden space 48128K, 0% used [0x00000000eab00000,0x00000000eab00000,0x00000000eda00000)
  from space 9728K, 69% used [0x00000000eda00000,0x00000000ee0a1870,0x00000000ee380000)
  to   space 8704K, 0% used [0x00000000ee380000,0x00000000ee380000,0x00000000eec00000)
 ParOldGen       total 65536K, used 8979K [0x00000000c0000000, 0x00000000c4000000, 0x00000000eab00000)
  object space 65536K, 13% used [0x00000000c0000000,0x00000000c08c4ca8,0x00000000c4000000)
 Metaspace       used 20722K, capacity 21192K, committed 21296K, reserved 1067008K
  class space    used 2981K, capacity 3176K, committed 3200K, reserved 1048576K
}
Event: 8.003 GC heap before
{Heap before GC invocations=8 (full 1):
 PSYoungGen      total 57856K, used 6790K [0x00000000eab00000, 0x00000000eee00000, 0x0000000100000000)
  eden space 48128K, 0% used [0x00000000eab00000,0x00000000eab00000,0x00000000eda00000)
  from space 9728K, 69% used [0x00000000eda00000,0x00000000ee0a1870,0x00000000ee380000)
  to   space 8704K, 0% used [0x00000000ee380000,0x00000000ee380000,0x00000000eec00000)
 ParOldGen       total 65536K, used 8979K [0x00000000c0000000, 0x00000000c4000000, 0x00000000eab00000)
  object space 65536K, 13% used [0x00000000c0000000,0x00000000c08c4ca8,0x00000000c4000000)
 Metaspace       used 20722K, capacity 21192K, committed 21296K, reserved 1067008K
  class space    used 2981K, capacity 3176K, committed 3200K, reserved 1048576K
Event: 8.304 GC heap after
Heap after GC invocations=8 (full 1):
 PSYoungGen      total 57856K, used 0K [0x00000000eab00000, 0x00000000eee00000, 0x0000000100000000)
  eden space 48128K, 0% used [0x00000000eab00000,0x00000000eab00000,0x00000000eda00000)
  from space 9728K, 0% used [0x00000000eda00000,0x00000000eda00000,0x00000000ee380000)
  to   space 8704K, 0% used [0x00000000ee380000,0x00000000ee380000,0x00000000eec00000)
 ParOldGen       total 53248K, used 9588K [0x00000000c0000000, 0x00000000c3400000, 0x00000000eab00000)
  object space 53248K, 18% used [0x00000000c0000000,0x00000000c095d170,0x00000000c3400000)
 Metaspace       used 20722K, capacity 21192K, committed 21296K, reserved 1067008K
  class space    used 2981K, capacity 3176K, committed 3200K, reserved 1048576K
}

