# JRE version: Java(TM) SE Runtime Environment (8.0_51-b16) (build 1.8.0_51-b16)
# Java VM: Java HotSpot(TM) 64-Bit Server VM (25.51-b03 mixed mode windows-amd64 compressed oops)
Heap:
 PSYoungGen      total 119296K, used 40588K [0x00000000eab00000, 0x00000000f3c80000, 0x0000000100000000)
  eden space 108544K, 27% used [0x00000000eab00000,0x00000000ec827150,0x00000000f1500000)
  from space 10752K, 99% used [0x00000000f1500000,0x00000000f1f7c148,0x00000000f1f80000)
  to   space 9728K, 0% used [0x00000000f1f80000,0x00000000f1f80000,0x00000000f2900000)
 ParOldGen       total 70144K, used 22364K [0x00000000c0000000, 0x00000000c4480000, 0x00000000eab00000)
  object space 70144K, 31% used [0x00000000c0000000,0x00000000c15d72e8,0x00000000c4480000)
 Metaspace       used 49459K, capacity 50570K, committed 50736K, reserved 1093632K
  class space    used 6825K, capacity 7142K, committed 7216K, reserved 1048576K
GC Heap History (10 events):
Event: 7.365 GC heap before
{Heap before GC invocations=9 (full 1):
 PSYoungGen      total 57856K, used 48128K [0x00000000eab00000, 0x00000000f1b00000, 0x0000000100000000)
  eden space 48128K, 100% used [0x00000000eab00000,0x00000000eda00000,0x00000000eda00000)
  from space 9728K, 0% used [0x00000000eda00000,0x00000000eda00000,0x00000000ee380000)
  to   space 9216K, 0% used [0x00000000f1200000,0x00000000f1200000,0x00000000f1b00000)
 ParOldGen       total 44032K, used 7515K [0x00000000c0000000, 0x00000000c2b00000, 0x00000000eab00000)
  object space 44032K, 17% used [0x00000000c0000000,0x00000000c0756f60,0x00000000c2b00000)
 Metaspace       used 25596K, capacity 25928K, committed 26288K, reserved 1071104K
  class space    used 3553K, capacity 3679K, committed 3760K, reserved 1048576K
Event: 7.382 GC heap after
Heap after GC invocations=9 (full 1):
 PSYoungGen      total 85504K, used 5278K [0x00000000eab00000, 0x00000000f1780000, 0x0000000100000000)
  eden space 79872K, 0% used [0x00000000eab00000,0x00000000eab00000,0x00000000ef900000)
  from space 5632K, 93% used [0x00000000f1200000,0x00000000f1727bf0,0x00000000f1780000)
  to   space 8704K, 0% used [0x00000000f0680000,0x00000000f0680000,0x00000000f0f00000)
 ParOldGen       total 44032K, used 7523K [0x00000000c0000000, 0x00000000c2b00000, 0x00000000eab00000)
  object space 44032K, 17% used [0x00000000c0000000,0x00000000c0758f60,0x00000000c2b00000)
 Metaspace       used 25596K, capacity 25928K, committed 26288K, reserved 1071104K
  class space    used 3553K, capacity 3679K, committed 3760K, reserved 1048576K
}
Event: 9.303 GC heap before
{Heap before GC invocations=10 (full 1):
 PSYoungGen      total 85504K, used 85150K [0x00000000eab00000, 0x00000000f1780000, 0x0000000100000000)
  eden space 79872K, 100% used [0x00000000eab00000,0x00000000ef900000,0x00000000ef900000)
  from space 5632K, 93% used [0x00000000f1200000,0x00000000f1727bf0,0x00000000f1780000)
  to   space 8704K, 0% used [0x00000000f0680000,0x00000000f0680000,0x00000000f0f00000)
 ParOldGen       total 44032K, used 7523K [0x00000000c0000000, 0x00000000c2b00000, 0x00000000eab00000)
  object space 44032K, 17% used [0x00000000c0000000,0x00000000c0758f60,0x00000000c2b00000)
 Metaspace       used 29769K, capacity 30232K, committed 30640K, reserved 1075200K
  class space    used 4232K, capacity 4429K, committed 4528K, reserved 1048576K
Event: 9.326 GC heap after
Heap after GC invocations=10 (full 1):
 PSYoungGen      total 102400K, used 8674K [0x00000000eab00000, 0x00000000f2900000, 0x0000000100000000)
  eden space 93696K, 0% used [0x00000000eab00000,0x00000000eab00000,0x00000000f0680000)
  from space 8704K, 99% used [0x00000000f0680000,0x00000000f0ef8b18,0x00000000f0f00000)
  to   space 9728K, 0% used [0x00000000f1f80000,0x00000000f1f80000,0x00000000f2900000)
 ParOldGen       total 44032K, used 7942K [0x00000000c0000000, 0x00000000c2b00000, 0x00000000eab00000)
  object space 44032K, 18% used [0x00000000c0000000,0x00000000c07c1948,0x00000000c2b00000)
 Metaspace       used 29769K, capacity 30232K, committed 30640K, reserved 1075200K
  class space    used 4232K, capacity 4429K, committed 4528K, reserved 1048576K
}
Event: 11.785 GC heap before
{Heap before GC invocations=11 (full 1):
 PSYoungGen      total 102400K, used 60765K [0x00000000eab00000, 0x00000000f2900000, 0x0000000100000000)
  eden space 93696K, 55% used [0x00000000eab00000,0x00000000edddeaa8,0x00000000f0680000)
  from space 8704K, 99% used [0x00000000f0680000,0x00000000f0ef8b18,0x00000000f0f00000)
  to   space 9728K, 0% used [0x00000000f1f80000,0x00000000f1f80000,0x00000000f2900000)
 ParOldGen       total 44032K, used 7942K [0x00000000c0000000, 0x00000000c2b00000, 0x00000000eab00000)
  object space 44032K, 18% used [0x00000000c0000000,0x00000000c07c1948,0x00000000c2b00000)
 Metaspace       used 34770K, capacity 35318K, committed 35496K, reserved 1079296K
  class space    used 4883K, capacity 5143K, committed 5168K, reserved 1048576K
Event: 11.822 GC heap after
Heap after GC invocations=11 (full 1):
 PSYoungGen      total 118272K, used 8610K [0x00000000eab00000, 0x00000000f3c80000, 0x0000000100000000)
  eden space 108544K, 0% used [0x00000000eab00000,0x00000000eab00000,0x00000000f1500000)
  from space 9728K, 88% used [0x00000000f1f80000,0x00000000f27e88d0,0x00000000f2900000)
  to   space 10752K, 0% used [0x00000000f1500000,0x00000000f1500000,0x00000000f1f80000)
 ParOldGen       total 44032K, used 10018K [0x00000000c0000000, 0x00000000c2b00000, 0x00000000eab00000)
  object space 44032K, 22% used [0x00000000c0000000,0x00000000c09c89d8,0x00000000c2b00000)
 Metaspace       used 34770K, capacity 35318K, committed 35496K, reserved 1079296K
  class space    used 4883K, capacity 5143K, committed 5168K, reserved 1048576K
}
Event: 11.822 GC heap before
{Heap before GC invocations=12 (full 2):
 PSYoungGen      total 118272K, used 8610K [0x00000000eab00000, 0x00000000f3c80000, 0x0000000100000000)
  eden space 108544K, 0% used [0x00000000eab00000,0x00000000eab00000,0x00000000f1500000)
  from space 9728K, 88% used [0x00000000f1f80000,0x00000000f27e88d0,0x00000000f2900000)
  to   space 10752K, 0% used [0x00000000f1500000,0x00000000f1500000,0x00000000f1f80000)
 ParOldGen       total 44032K, used 10018K [0x00000000c0000000, 0x00000000c2b00000, 0x00000000eab00000)
  object space 44032K, 22% used [0x00000000c0000000,0x00000000c09c89d8,0x00000000c2b00000)
 Metaspace       used 34770K, capacity 35318K, committed 35496K, reserved 1079296K
  class space    used 4883K, capacity 5143K, committed 5168K, reserved 1048576K
Event: 11.965 GC heap after
Heap after GC invocations=12 (full 2):
 PSYoungGen      total 118272K, used 0K [0x00000000eab00000, 0x00000000f3c80000, 0x0000000100000000)
  eden space 108544K, 0% used [0x00000000eab00000,0x00000000eab00000,0x00000000f1500000)
  from space 9728K, 0% used [0x00000000f1f80000,0x00000000f1f80000,0x00000000f2900000)
  to   space 10752K, 0% used [0x00000000f1500000,0x00000000f1500000,0x00000000f1f80000)
 ParOldGen       total 70144K, used 17392K [0x00000000c0000000, 0x00000000c4480000, 0x00000000eab00000)
  object space 70144K, 24% used [0x00000000c0000000,0x00000000c10fc0d0,0x00000000c4480000)
 Metaspace       used 34770K, capacity 35318K, committed 35496K, reserved 1079296K
  class space    used 4883K, capacity 5143K, committed 5168K, reserved 1048576K
}
Event: 14.658 GC heap before
{Heap before GC invocations=13 (full 2):
 PSYoungGen      total 118272K, used 108544K [0x00000000eab00000, 0x00000000f3c80000, 0x0000000100000000)
  eden space 108544K, 100% used [0x00000000eab00000,0x00000000f1500000,0x00000000f1500000)
  from space 9728K, 0% used [0x00000000f1f80000,0x00000000f1f80000,0x00000000f2900000)
  to   space 10752K, 0% used [0x00000000f1500000,0x00000000f1500000,0x00000000f1f80000)
 ParOldGen       total 70144K, used 17392K [0x00000000c0000000, 0x00000000c4480000, 0x00000000eab00000)
  object space 70144K, 24% used [0x00000000c0000000,0x00000000c10fc0d0,0x00000000c4480000)
 Metaspace       used 46289K, capacity 47104K, committed 47536K, reserved 1089536K
  class space    used 6422K, capacity 6735K, committed 6832K, reserved 1048576K
Event: 14.682 GC heap after
Heap after GC invocations=13 (full 2):
 PSYoungGen      total 119296K, used 10736K [0x00000000eab00000, 0x00000000f3c80000, 0x0000000100000000)
  eden space 108544K, 0% used [0x00000000eab00000,0x00000000eab00000,0x00000000f1500000)
  from space 10752K, 99% used [0x00000000f1500000,0x00000000f1f7c148,0x00000000f1f80000)
  to   space 9728K, 0% used [0x00000000f1f80000,0x00000000f1f80000,0x00000000f2900000)
 ParOldGen       total 70144K, used 22364K [0x00000000c0000000, 0x00000000c4480000, 0x00000000eab00000)
  object space 70144K, 31% used [0x00000000c0000000,0x00000000c15d72e8,0x00000000c4480000)
 Metaspace       used 46289K, capacity 47104K, committed 47536K, reserved 1089536K
  class space    used 6422K, capacity 6735K, committed 6832K, reserved 1048576K
}

