# JRE version: Java(TM) SE Runtime Environment (8.0_51-b16) (build 1.8.0_51-b16)
# Java VM: Java HotSpot(TM) 64-Bit Server VM (25.51-b03 mixed mode windows-amd64 compressed oops)
Heap:
 PSYoungGen      total 167936K, used 129957K [0x00000000eab00000, 0x00000000f6d80000, 0x0000000100000000)
  eden space 156672K, 75% used [0x00000000eab00000,0x00000000f1f0e3c0,0x00000000f4400000)
  from space 11264K, 98% used [0x00000000f6280000,0x00000000f6d5b290,0x00000000f6d80000)
  to   space 18432K, 0% used [0x00000000f4980000,0x00000000f4980000,0x00000000f5b80000)
 ParOldGen       total 121344K, used 41280K [0x00000000c0000000, 0x00000000c7680000, 0x00000000eab00000)
  object space 121344K, 34% used [0x00000000c0000000,0x00000000c2850070,0x00000000c7680000)
 Metaspace       used 64212K, capacity 66478K, committed 66736K, reserved 1105920K
  class space    used 8664K, capacity 9308K, committed 9392K, reserved 1048576K
GC Heap History (10 events):
Event: 16.826 GC heap before
{Heap before GC invocations=13 (full 2):
 PSYoungGen      total 117248K, used 107520K [0x00000000eab00000, 0x00000000f3f80000, 0x0000000100000000)
  eden space 107520K, 100% used [0x00000000eab00000,0x00000000f1400000,0x00000000f1400000)
  from space 9728K, 0% used [0x00000000f1e80000,0x00000000f1e80000,0x00000000f2800000)
  to   space 10752K, 0% used [0x00000000f1400000,0x00000000f1400000,0x00000000f1e80000)
 ParOldGen       total 72704K, used 17250K [0x00000000c0000000, 0x00000000c4700000, 0x00000000eab00000)
  object space 72704K, 23% used [0x00000000c0000000,0x00000000c10d8b30,0x00000000c4700000)
 Metaspace       used 44198K, capacity 44992K, committed 45232K, reserved 1087488K
  class space    used 6192K, capacity 6479K, committed 6576K, reserved 1048576K
Event: 16.865 GC heap after
Heap after GC invocations=13 (full 2):
 PSYoungGen      total 118272K, used 10734K [0x00000000eab00000, 0x00000000f4880000, 0x0000000100000000)
  eden space 107520K, 0% used [0x00000000eab00000,0x00000000eab00000,0x00000000f1400000)
  from space 10752K, 99% used [0x00000000f1400000,0x00000000f1e7bb80,0x00000000f1e80000)
  to   space 13312K, 0% used [0x00000000f3b80000,0x00000000f3b80000,0x00000000f4880000)
 ParOldGen       total 72704K, used 21719K [0x00000000c0000000, 0x00000000c4700000, 0x00000000eab00000)
  object space 72704K, 29% used [0x00000000c0000000,0x00000000c1535c48,0x00000000c4700000)
 Metaspace       used 44198K, capacity 44992K, committed 45232K, reserved 1087488K
  class space    used 6192K, capacity 6479K, committed 6576K, reserved 1048576K
}
Event: 19.824 GC heap before
{Heap before GC invocations=14 (full 2):
 PSYoungGen      total 118272K, used 118254K [0x00000000eab00000, 0x00000000f4880000, 0x0000000100000000)
  eden space 107520K, 100% used [0x00000000eab00000,0x00000000f1400000,0x00000000f1400000)
  from space 10752K, 99% used [0x00000000f1400000,0x00000000f1e7bb80,0x00000000f1e80000)
  to   space 13312K, 0% used [0x00000000f3b80000,0x00000000f3b80000,0x00000000f4880000)
 ParOldGen       total 72704K, used 21719K [0x00000000c0000000, 0x00000000c4700000, 0x00000000eab00000)
  object space 72704K, 29% used [0x00000000c0000000,0x00000000c1535c48,0x00000000c4700000)
 Metaspace       used 54010K, capacity 55232K, committed 55344K, reserved 1097728K
  class space    used 7518K, capacity 7878K, committed 7984K, reserved 1048576K
Event: 19.877 GC heap after
Heap after GC invocations=14 (full 2):
 PSYoungGen      total 145920K, used 13134K [0x00000000eab00000, 0x00000000f4d00000, 0x0000000100000000)
  eden space 132608K, 0% used [0x00000000eab00000,0x00000000eab00000,0x00000000f2c80000)
  from space 13312K, 98% used [0x00000000f3b80000,0x00000000f4853880,0x00000000f4880000)
  to   space 15360K, 0% used [0x00000000f2c80000,0x00000000f2c80000,0x00000000f3b80000)
 ParOldGen       total 72704K, used 29712K [0x00000000c0000000, 0x00000000c4700000, 0x00000000eab00000)
  object space 72704K, 40% used [0x00000000c0000000,0x00000000c1d043e0,0x00000000c4700000)
 Metaspace       used 54010K, capacity 55232K, committed 55344K, reserved 1097728K
  class space    used 7518K, capacity 7878K, committed 7984K, reserved 1048576K
}
Event: 22.355 GC heap before
{Heap before GC invocations=15 (full 2):
 PSYoungGen      total 145920K, used 109275K [0x00000000eab00000, 0x00000000f4d00000, 0x0000000100000000)
  eden space 132608K, 72% used [0x00000000eab00000,0x00000000f08e3548,0x00000000f2c80000)
  from space 13312K, 98% used [0x00000000f3b80000,0x00000000f4853880,0x00000000f4880000)
  to   space 15360K, 0% used [0x00000000f2c80000,0x00000000f2c80000,0x00000000f3b80000)
 ParOldGen       total 72704K, used 29712K [0x00000000c0000000, 0x00000000c4700000, 0x00000000eab00000)
  object space 72704K, 40% used [0x00000000c0000000,0x00000000c1d043e0,0x00000000c4700000)
 Metaspace       used 57191K, capacity 59080K, committed 59160K, reserved 1099776K
  class space    used 7968K, capacity 8547K, committed 8624K, reserved 1048576K
Event: 22.410 GC heap after
Heap after GC invocations=15 (full 2):
 PSYoungGen      total 147968K, used 15345K [0x00000000eab00000, 0x00000000f7500000, 0x0000000100000000)
  eden space 132608K, 0% used [0x00000000eab00000,0x00000000eab00000,0x00000000f2c80000)
  from space 15360K, 99% used [0x00000000f2c80000,0x00000000f3b7c4c0,0x00000000f3b80000)
  to   space 18944K, 0% used [0x00000000f6280000,0x00000000f6280000,0x00000000f7500000)
 ParOldGen       total 72704K, used 33721K [0x00000000c0000000, 0x00000000c4700000, 0x00000000eab00000)
  object space 72704K, 46% used [0x00000000c0000000,0x00000000c20ee678,0x00000000c4700000)
 Metaspace       used 57191K, capacity 59080K, committed 59160K, reserved 1099776K
  class space    used 7968K, capacity 8547K, committed 8624K, reserved 1048576K
}
Event: 22.410 GC heap before
{Heap before GC invocations=16 (full 3):
 PSYoungGen      total 147968K, used 15345K [0x00000000eab00000, 0x00000000f7500000, 0x0000000100000000)
  eden space 132608K, 0% used [0x00000000eab00000,0x00000000eab00000,0x00000000f2c80000)
  from space 15360K, 99% used [0x00000000f2c80000,0x00000000f3b7c4c0,0x00000000f3b80000)
  to   space 18944K, 0% used [0x00000000f6280000,0x00000000f6280000,0x00000000f7500000)
 ParOldGen       total 72704K, used 33721K [0x00000000c0000000, 0x00000000c4700000, 0x00000000eab00000)
  object space 72704K, 46% used [0x00000000c0000000,0x00000000c20ee678,0x00000000c4700000)
 Metaspace       used 57191K, capacity 59080K, committed 59160K, reserved 1099776K
  class space    used 7968K, capacity 8547K, committed 8624K, reserved 1048576K
Event: 22.939 GC heap after
Heap after GC invocations=16 (full 3):
 PSYoungGen      total 147968K, used 0K [0x00000000eab00000, 0x00000000f7500000, 0x0000000100000000)
  eden space 132608K, 0% used [0x00000000eab00000,0x00000000eab00000,0x00000000f2c80000)
  from space 15360K, 0% used [0x00000000f2c80000,0x00000000f2c80000,0x00000000f3b80000)
  to   space 18944K, 0% used [0x00000000f6280000,0x00000000f6280000,0x00000000f7500000)
 ParOldGen       total 121344K, used 41272K [0x00000000c0000000, 0x00000000c7680000, 0x00000000eab00000)
  object space 121344K, 34% used [0x00000000c0000000,0x00000000c284e070,0x00000000c7680000)
 Metaspace       used 57191K, capacity 59080K, committed 59160K, reserved 1099776K
  class space    used 7968K, capacity 8547K, committed 8624K, reserved 1048576K
}
Event: 27.574 GC heap before
{Heap before GC invocations=17 (full 3):
 PSYoungGen      total 147968K, used 132608K [0x00000000eab00000, 0x00000000f7500000, 0x0000000100000000)
  eden space 132608K, 100% used [0x00000000eab00000,0x00000000f2c80000,0x00000000f2c80000)
  from space 15360K, 0% used [0x00000000f2c80000,0x00000000f2c80000,0x00000000f3b80000)
  to   space 18944K, 0% used [0x00000000f6280000,0x00000000f6280000,0x00000000f7500000)
 ParOldGen       total 121344K, used 41272K [0x00000000c0000000, 0x00000000c7680000, 0x00000000eab00000)
  object space 121344K, 34% used [0x00000000c0000000,0x00000000c284e070,0x00000000c7680000)
 Metaspace       used 60634K, capacity 62858K, committed 63024K, reserved 1103872K
  class space    used 8392K, capacity 8992K, committed 9008K, reserved 1048576K
Event: 27.601 GC heap after
Heap after GC invocations=17 (full 3):
 PSYoungGen      total 167936K, used 11116K [0x00000000eab00000, 0x00000000f6d80000, 0x0000000100000000)
  eden space 156672K, 0% used [0x00000000eab00000,0x00000000eab00000,0x00000000f4400000)
  from space 11264K, 98% used [0x00000000f6280000,0x00000000f6d5b290,0x00000000f6d80000)
  to   space 18432K, 0% used [0x00000000f4980000,0x00000000f4980000,0x00000000f5b80000)
 ParOldGen       total 121344K, used 41280K [0x00000000c0000000, 0x00000000c7680000, 0x00000000eab00000)
  object space 121344K, 34% used [0x00000000c0000000,0x00000000c2850070,0x00000000c7680000)
 Metaspace       used 60634K, capacity 62858K, committed 63024K, reserved 1103872K
  class space    used 8392K, capacity 8992K, committed 9008K, reserved 1048576K
}

